Connected to MySQL database
Connection closed
2225
0
31463617
30378487
29272223
31289104
31523556
31431506
30458206
30457126
29935733
29934503
29933660
31540151
29551421
24478858
31190641
24478693
30462166
29551820
27859625
27859412
1
27859187
30482359
24478738
27676102
26696449
29995901
29155241
30281294
31469765
31469721
30210203
30210197
30462001
31022947
31474996
30736549
28469561
29955104
30461932
31509819
2
31446124
31322578
31322458
31172293
30482269
28412087
30280898
22931124
31109833
31236469
29082188
29081996
31319056
28664561
22928521
22928060
31516273
30980467
30973858
31484340
3
30628873
29082407
31497929
31497091
31447017
30482266
28918889
28918670
28917779
31537531
28412174
30728320
28805243
31535560
30911803
28899314
22931977
30461971
27859385
27859019
4
31522146
29088212
31527260
30482275
31429053
31512751
31506833
31506724
29423957
29229293
31461738
30122315
26429484
31528825
31499374
22530253
30637822
31515269
31429646
31303219
5
30482257
28385258
28383920
27911999
29650952
27675808
31539796
31541830
28401314
31506826
31524058
29082212
25354892
31498304
31498247
22921133
31506791
31501078
31293247
29082068
6
31553585
30736903
31298224
31383439
31512167
31520696
31505247
31468930
31498283
31442168
30540061
28955738
30809728
31471561
31435285
31531174
31468823
31474668
30706351
30707359
7
31437077
31523403
29243705
31540267
31528620
28506494
31545606
30656719
31499761
31213534
31499065
31498984
26429819
31114810
31440123
31445084
30394696
31548899
31466778
30039371
8
30127367
31276873
31457552
31457541
31124602
22530257
31522601
31436698
31503195
30656713
31458511
31306570
30980395
31448210
31058695
23160996
27503193
30513574
31298692
30229406
9
31172212
30050597
27910469
31530660
31525766
31408711
30736582
29407271
31022971
31549512
31493494
31521817
31539334
31497391
31124725
31124815
31124782
31436712
31190665
31492722
10
29428931
31510158
31509807
31399969
31484287
31489591
31314253
31491003
31386646
23047642
31208191
30755812
31481673
30943753
31308199
31539804
31485387
30466948
30465700
31529764
11
31529470
28665335
31516311
31551738
31550932
31547871
31359523
30973720
31530771
31530761
31530698
31530691
31475817
31456487
30401566
31394866
31541535
31451806
31322098
31060192
12
31394977
31540476
31022953
29510348
31428546
31503403
31506405
29416019
31444977
31539756
31473340
31394914
31527304
31520459
31499241
31120123
31349968
31216555
29366984
31500966
13
31514588
31276825
28605977
31535694
31535403
31548970
30971122
31552761
31492560
31541517
31540701
31538923
31538883
31536449
31530729
31528477
31526039
31518629
31511792
31510229
14
31502453
31499197
31496637
31496603
31492591
31460762
31456252
31425375
31066708
31030096
30947215
30422062
30362579
29660753
28649294
31298833
31286764
28803797
28801034
31267744
15
30482365
27911678
27905903
27905753
30786499
31506608
31498432
29719001
31507029
31507017
31507003
31506998
31506986
31553226
30974071
31549997
31546844
31545902
31544937
31542706
16
31541935
31541123
31541116
31540705
31540557
31539438
31539387
31538440
31534128
31532702
31532208
31531213
31531212
31530898
31528644
31527157
31527131
31526676
31525495
31521204
17
31517420
31515503
31515035
31512468
31512083
31511726
31511443
31511188
31510251
31508407
31508251
31505469
31504243
31503087
31498473
31497077
31494093
31485502
31484973
31477008
18
31476701
31476105
31472034
31467102
31463646
31461589
31457858
31455357
31446103
31441798
31439821
31439512
31436966
31434222
31428101
31422171
31419553
31403677
31342183
31246582
19
31197265
31168000
31151419
31126192
31103824
31096231
31048639
31025407
31007596
30915889
30882469
30863176
30789574
30782239
30689923
30672451
30572953
30533707
30528151
30378253
20
30377629
30345653
30307256
29920085
28355735
27772685
27669166
31531876
31235752
30466960
31375303
31374511
31374388
31357750
31309312
31296592
31277473
31277443
29334449
30747943
21
31527022
31512924
31511007
31466401
31386079
30784342
30700720
29041946
31541934
31533794
31530999
31523006
31491083
31483113
31471439
31470300
31460119
31456826
31450101
31434838
22
31428802
31428616
31394893
31226719
31049695
31047841
31019179
30895276
30859855
30709165
30378544
27995507
31545682
31280014
27631120
31276903
31442195
30963469
31487522
29510900
23
31236226
31499199
30519169
31229944
31525333
31437602
31428785
31535537
29229083
31532180
31418146
30050888
30151946
23288214
29670041
30963244
31464666
31486399
31509022
31012321
24
31527830
31446959
31446230
30691702
30691699
28899356
31463938
31433596
30580015
31355434
30482224
31474526
28984868
31549813
31545566
30568570
31545333
31480673
31468159
31399993
25
31483277
31457414
31492406
31552857
31499665
31444219
28638392
31440092
31505432
28180928
31534153
31521087
28498067
31488744
29044178
31513785
31547028
31124539
31124635
30401746
26
31512653
31493229
28260326
30261185
31501096
31475632
31543996
31547367
31482565
30803716
31508901
29273837
31503573
31124857
31546578
30301400
31516641
31552173
31553619
31226476
27
31497710
26975623
29897432
31356691
31499003
31550515
31300969
31547911
31531012
31484138
31483785
31504476
31530606
31530535
31354444
31165384
31550976
31487186
31473740
31460188
28
31533633
30946858
31482976
31549942
31128904
30794917
31118416
31531414
31542446
30704860
31542192
28898879
31054678
30670276
30742711
29243399
31522641
31276732
23353350
31142179
29
30358502
31485260
30963352
30963373
30963286
28498946
28664495
30963319
30963259
30963211
28498826
28497935
30725317
28976798
22787634
29032211
31493191
31493176
28899341
28381691
30
28381598
31305895
31514070
31509342
31213894
31454060
31524180
31512893
30966622
23323637
31545329
31544505
31510178
31189621
30281519
31540279
31464347
31231213
31528113
31521876
31
31533196
30801940
31545538
31541986
31537022
23323626
31524852
31537468
31518467
31545910
23323646
31502506
31273357
29788202
31508476
31283053
30779428
31540183
31460387
31250674
32
29409143
31441920
31026049
31352173
31534449
31360297
31457817
31452331
31506844
31525543
31466474
31127515
30775561
31500424
31541153
31497002
30753112
30349289
28955528
31367482
33
30962962
30261266
31493166
31493135
31370683
28381649
30847399
31323196
31539004
31457855
30588508
31546811
31551104
31552958
31082935
30326996
31476655
31527183
31505165
30629920
34
31498741
31486568
31535807
31521373
31223923
31482429
31526842
30879073
31540085
30487753
31526964
31514103
30894187
27730733
31489204
31352257
31533560
31530257
31548738
31552889
35
31543523
31207087
31331179
30182822
31508047
31485929
30775543
31231204
31521633
30837931
29229533
31527956
31181524
31536793
31469174
30587161
31510159
31548961
31546540
30887974
36
31464420
31551133
31540402
31526674
31522102
31501452
31422042
30775678
31286662
31524051
31377487
31492533
30519133
31492650
31541744
31547023
30104411
31494687
31045333
30761389
37
31426208
31533129
31477767
31382233
31537073
30721411
31456325
31548014
31480299
29326025
27576435
30392893
31248631
30825367
31044886
31044859
31044820
31044568
30316757
30198284
38
31304875
31482768
31508846
29229002
31527646
31524240
31455514
31437324
31546810
31510766
29999108
28691102
31551262
31437973
31437966
31487132
31505025
27694873
31478257
31231642
39
31520528
31454965
22905277
31487670
31466233
31115434
31065280
30686755
31548947
31342651
31551806
31549448
31242961
30772753
28260083
29719196
30963034
30962983
30261347
29718749
40
28218023
29276375
30228380
31082068
29670062
30974950
31331155
31485712
30779188
30605794
31493207
31493155
24509528
29222714
31493195
28800884
31343875
31146151
31479180
31516440
41
31515516
31509370
31521343
31483828
31486634
31342738
31488775
30465706
30465679
30050408
29905022
29429252
29264471
28899380
28602506
28381799
30854278
31512252
31506274
31501400
42
31469574
31531786
31099204
31526180
31497791
28599368
30091478
31531086
31508830
31484333
31539388
31536333
31379806
30793519
31540424
31436823
31475651
31532664
31537064
31490161
43
29091152
29091023
28249262
28247495
31229107
31543158
30759346
31543953
31448499
31070611
31534416
31542000
30280496
26713344
31548400
31547465
31528652
30769708
29700239
29320088
44
31546788
30989596
31552388
31550317
31539366
31424360
29633153
31023295
31552831
31551888
31549714
31543804
31513073
31486156
31458003
31023814
30081377
31406458
31173703
30626503
45
29185208
31509434
31508212
31531378
31481601
31484982
31538660
31498761
31544699
30646402
31472751
31528171
28867346
30660397
31503666
31498410
31066756
31509047
30849292
31498411
46
31473805
30787822
31132003
30333353
31527986
30416761
31483030
30309383
31220350
31541832
31416568
31251019
31442204
31209520
31196521
31535725
31467705
31439793
31439765
31126303
47
31473073
31543411
27778901
31532631
30734485
31000312
31551630
31550877
29764025
31383295
31538376
31551606
31549316
31261762
30903346
30725353
28800788
31281199
30195701
31511349
48
31303066
31144648
31488797
30661069
31533739
29865377
31433253
31468575
31495699
31027123
31538306
30484540
31486795
31475737
29854334
31441162
31542017
31440366
31541503
31529660
49
31526910
26196458
31545959
31506896
31506852
31549417
31537399
31480141
31366294
31498737
28869131
31329859
31510135
31499116
31537924
31531161
31496274
30305924
31454532
30174215
50
31534459
31452565
31456335
31311493
31411555
30790189
22804680
30343148
31535710
31530864
31552949
31543195
31381999
31499537
31392202
31507932
31507593
31531311
30352598
31405720
51
31470214
31021678
31458323
31476511
29735114
31507743
31491164
31516395
30976477
31530991
30873241
31470759
31457447
31534397
31540295
31539120
31541692
30463762
31543588
31462034
52
31547679
30619738
31539815
31503750
31482844
31480674
31375087
31544526
31502855
31548377
31546866
28626416
31516794
31525623
31535805
31530188
31533348
31523425
31550729
31525091
53
31457405
31451841
31409833
31504032
31536659
30636886
31514734
31431168
31499564
30977464
31483252
30878491
31505151
31509748
31550943
30829771
31530235
31503715
31542619
31180606
54
31525300
31469938
31495369
30983896
31490179
31516667
31468221
30407662
31552435
31496751
30820234
31463810
31394926
30775471
30274451
30599416
31540779
31544740
31192186
29287271
55
29645033
31352383
29378759
30841507
29003015
30516841
30895324
31054411
30811597
30759469
31277752
31277608
31277587
31277584
31277470
31277455
31349893
31477388
31499994
31472339
56
30768535
31544615
31362715
31481440
29708120
31192144
31549242
31334512
31506876
31506865
31549201
31544108
31318147
31293838
30938566
30673879
30689122
31298353
31519742
31546641
57
29145038
30965014
31445299
29678801
31549655
31034422
31537528
31076797
30883978
31163374
31546610
31499960
30808183
29946701
31248040
31519760
31529813
31527757
31512529
29379866
58
31523798
31475902
31499964
31535535
29758010
31537503
31548782
31552289
31123717
30574777
29269730
31416514
31249999
31352395
31191862
30258692
31485330
31082398
31072651
30360449
59
31506432
31089916
31513374
31511956
31522440
31354159
31305904
31529912
31534148
31477638
31470760
31457435
31524551
30928552
28877114
31497093
31425769
31542319
31517330
31383475
60
31505300
31550799
31526050
31552479
31551875
31542005
31474006
31425697
31431486
31165375
31496755
31538780
31550661
30517540
30391612
31151623
30854773
31511241
31480229
31497664
61
31497624
31392553
31176544
31535153
31542851
31458778
31478939
31526716
31485891
30222179
23868389
31469986
31488573
31479938
31501886
31289038
31476077
29795129
31505124
31521634
62
31516750
30793717
30791860
31099213
31539415
31188595
31549515
31548803
30568588
30556531
30533602
31213351
31433393
31142578
30101591
31491861
31476748
30770044
31501192
29919203
63
31452400
31470170
31518595
31516432
31441430
24238683
31531379
31503219
31467320
31533738
31422371
31542569
31354294
29920325
31219294
30050903
31313059
31490156
31549620
31403032
64
31424669
31552733
31552588
31535283
31531507
31470055
25014398
25014273
25014228
25014103
25013933
30836074
31122202
30883099
31355914
29594996
30881230
29669639
31473067
31244485
65
31467178
31430760
31210579
31281637
30675043
30320801
31493116
31494522
31495906
31495488
31494511
31438367
31499470
31477969
30393064
30076475
30513532
30311840
31497433
28800320
66
31472152
31478102
31322056
31418707
31515353
31431206
30244568
27225167
30931264
31386616
27947669
31495086
29829617
31499288
31469300
30509326
31337401
31508398
31508326
31443239
67
31423321
31283335
30830470
28246526
31149022
31439665
31426946
31515735
30753424
29897411
28601012
28381532
28381403
31214215
31387867
31192405
31529597
31528856
31525785
31466606
68
31300822
30847393
31253239
31517489
31532593
31530974
31465555
30736717
30224975
28939988
31476675
31536186
31536178
31536126
31536071
31535982
31535970
31535701
31534332
31532713
69
31530308
31530258
31529955
30989920
31499396
31536926
31537707
31537067
31537039
31536997
31536976
31536962
31536923
31076899
31538715
31538706
31538694
31538198
31510032
31509291
70
31512121
31321666
31252219
30985561
30578896
28249199
28248260
28247648
30439111
30587023
31546639
31545165
31544817
31544648
31544019
31542314
31520251
31511839
31473652
31424355
71
31473632
28861475
31546750
31548795
31546738
31545197
31543416
31523205
31507103
31506738
31500940
31457103
31396105
31334938
31231423
31231312
31549632
31552077
31550186
31545192
72
31544187
31533884
31523301
31494678
31407307
31305667
31236052
31072108
31553964
31553251
31553122
31552849
31550861
31549250
31542030
31542024
31538470
31537719
31535849
31519925
73
31515100
31458235
31449940
31409737
31389211
31239895
31173913
31058719
30878557
30326537
31502108
31001632
31026142
31054438
31546366
31503916
31501843
31491898
31486241
31398901
74
31308931
31500414
31525689
31472637
31545514
29725757
31549213
29970866
31548888
30985171
31512851
5613826
31367899
28232894
31455423
31521874
28263716
26092458
23408896
23034904
75
30693871
31485283
31528617
31539130
22373792
31007542
31550293
31218685
31488035
31248589
31512977
31542173
31364092
30917275
31184080
29244593
29045603
31479501
31531066
31535629
76
31445588
30991567
31501864
31543856
31436458
31537668
31040158
31526061
31492973
31492223
31446116
31515314
31526024
31526320
31430628
31505640
31533526
31514167
31511733
31510647
77
31506278
31461142
31295389
31106224
30756415
29477834
31501721
29316098
31474400
31533543
31503200
31477158
30131882
31038604
21968815
31513429
31412596
31539399
30912331
31550770
78
31199674
30389161
30890431
30629437
31495383
31444777
31502006
30783160
31487610
30717964
31234267
31532459
31261243
31517266
31541799
31464466
31169320
31134700
31382983
31498839
79
30800746
31519769
31534962
31435123
31484897
31501367
31535088
30915514
31491941
29673782
30948022
31228342
31454884
31476189
31335382
31397329
31507992
31537043
31534366
31408462
80
31499784
24241803
31473078
31535613
31540828
31544106
31349521
31549850
31423575
27392187
29287346
31308574
31217047
31437465
31127551
31457082
31277089
31447056
31441160
29913983
81
31500478
31488040
31510255
31288750
25755146
31487073
30756001
31522378
31527997
28381835
31002238
31529485
31529919
31116178
31491402
30885331
31034410
31537431
31536249
31475603
82
31475584
31475559
31475431
31061599
31542688
31541361
31476602
30958282
31287391
31544668
31542868
31502414
31467549
31158592
31547399
31547140
31433656
31339696
31498968
31432980
83
31552068
31550265
31548404
31516177
31493114
31387150
31530228
31528433
31508529
31471912
31433821
31414051
31092412
30940996
31546111
31509059
31432878
31216291
30509422
31470141
84
31535478
31025302
31281607
31533682
30993001
31538110
31540684
31551973
31165183
31437026
31511415
31447737
31253932
31452280
31532816
31542949
31534599
31548308
31547937
31521862
85
31518632
31182133
31078708
31365460
31439602
31488564
31436714
28784432
31500616
31501917
30949576
31507399
31510986
31163851
30878758
31179673
31132219
30557413
29332214
31528552
86
30558388
31535788
31538638
31536008
31462031
29903006
31548433
31547269
31484528
31474029
31227088
31078882
31471039
31510796
31550751
31550385
31543542
31518092
29980832
30960820
87
31228243
29721512
30291677
31044955
31543742
31353355
30315533
31519003
31506037
31324801
31144810
31488726
31499982
31456219
31518105
31427555
29771522
31493578
31551602
31513492
88
31483561
31474823
31449437
31441097
31429924
29835656
27652726
30775693
30775669
30983767
31143421
31466055
31367608
31519492
31515161
24913383
31444403
31460256
31461401
30636394
89
31129312
31480383
31454304
31423840
31497765
31516943
31546233
31490176
31497497
29953205
27966470
30669607
30775684
30998113
30775552
30775666
31442265
31440642
31425613
30679012
90
30495130
31482040
31408003
31487721
27694600
31436796
31496499
31322101
31505602
25354652
30246161
29490407
30748600
27263020
30091517
31520169
30953713
28450607
31499139
31339075
91
31536947
31538869
31235101
31537085
31300522
31541924
30928978
31524973
31523155
31522050
31504132
31484453
30817453
30507274
31551887
31540933
31540035
31534588
31526675
30382591
92
30000989
29287301
31381498
29762606
28262942
29594984
31453379
31018102
31050046
31499358
31480010
31481794
31305208
31366465
30785965
31148215
31471087
31466575
31459338
31384573
93
31499242
31224682
30530989
30826942
30526186
31453716
31424905
30126692
31509871
31460362
31475364
31445506
31438303
30509779
31504915
31505591
31471667
31352476
30619252
31498386
94
31412482
31497135
31523978
29808638
31525507
31526196
31518847
31527071
30462766
31476662
31533167
31520649
31480474
30392917
31529474
31412197
31534540
31533951
31533869
31513307
95
31329805
31207414
31520423
31500517
30558349
31519000
31521969
30884494
31541016
31539813
31065046
31538255
28380728
31541608
31541334
31482899
31467956
31428089
31108342
31537676
96
31442276
31547121
31545875
31544452
31454139
31451577
31362484
31104661
30948217
30855766
29383001
31541204
31484355
31546861
31527317
31510057
31496935
31012402
30902200
31550348
97
31550041
31539302
31512291
31492604
31476025
31092346
31073224
30065501
29352992
29111924
31471255
31533802
31553431
31548723
31542012
31536506
31534112
31478477
31469295
31308442
98
31154419
31041199
30488704
31499805
31499801
31483278
31515641
31524947
31526449
27285414
31548103
31470310
31532295
31523102
30594112
31527476
31215568
31495524
31113100
31336198
99
31500033
31527774
31480553
31541714
31542834
31545099
31518739
31274992
31181203
30921541
30352922
31389904
31100491
30669526
31286503
31488783
30976102
31486635
30941902
31079704
100
31459094
29115149
31429123
31442038
31480656
31321987
31495694
31531715
30685984
31533033
31536326
31533247
31503813
31436276
29909471
31527201
31390711
31422294
31254316
31549282
101
31427299
31528866
31532588
31496193
31201414
31120528
29984489
31297492
31071184
28791446
31322599
31248091
31230139
31392868
31433753
31088266
31545932
31547567
31551295
31550322
102
31550862
31502953
31497223
31482707
30754591
30663478
29109734
30359288
30953602
31048141
31387231
31378093
31450191
31332868
31483137
31493311
31165432
31495317
31499037
31508852
103
31510221
31515851
25749014
31512550
31521226
29479304
31376683
31532246
31535141
31427743
31541185
31541798
30919087
30543841
31355680
31533029
31549404
31537753
31459341
31351603
104
31093822
31464042
31475274
31442925
31520531
31521743
31164043
31519706
31523147
31397248
29352185
31539556
31520476
31257784
30673303
31382701
31544324
29509853
29577503
28774133
105
31073125
31367989
31285003
29564288
30597208
29712515
31433732
30886339
31171897
31238389
31473988
31482041
28843364
31241716
31475643
31041460
31514056
31427441
31320175
31016929
106
31501925
31516034
31460232
30947383
30942385
31515094
31530638
31491824
31298812
31488398
30507862
30388285
31426441
30574114
31538286
31536624
31538994
31538804
22227559
31535648
107
31532334
31495966
31477595
30349235
31529574
30817198
31328860
31549700
31036948
30945343
31551802
31549324
31545426
31534765
31527076
31409851
30973348
31552966
31551824
31500419
108
31483594
31428426
31329583
31307305
30343187
27743651
31244329
31172953
29453855
22687024
31457899
31308535
31034788
31452468
31384912
29905406
31352284
30667594
31466015
31453826
109
30899653
30860371
31466935
31253767
31470394
31477344
31438935
31438915
28457978
31463840
30969196
29222729
31403311
31488732
30843535
31447635
31394839
30939019
31383856
31495422
110
31458330
31433670
31501112
31426595
31506047
31262029
31504759
31039126
31512826
31499330
31230313
31002946
31407433
31517366
31471756
31471725
31522756
31521543
31521182
31526142
111
31495092
30509125
30501367
27692017
31481094
30802615
30935035
30656728
27743762
31377931
31530666
31518311
31530331
31533607
31500447
31472449
31209526
29476721
31501097
31518269
112
31536060
31535607
31501904
31242133
27303546
31423880
31467949
31537137
31534871
31258774
30739519
28776149
31540939
31504921
31075051
30477334
31542948
31537646
31421802
31546631
113
31368367
31523557
31545812
31543605
31540649
31532411
31530361
31513119
31477369
31262887
30633229
31527133
31543414
31549160
31548380
31547962
31547841
31428459
30948847
27135378
114
31551566
31549605
31512725
31479937
31462507
31410361
31407439
30922141
30077039
31553462
31551211
31546489
31546451
31544479
31538248
31505668
31482499
31481285
31478365
31477223
115
31440725
31414822
31387330
31263088
31122292
30865804
29962103
31118779
31434994
31009783
31443153
31485998
31534835
31541261
31539847
31490046
30773479
30892978
31489638
31496302
116
27800507
31513389
31519847
31519999
31525821
30766474
31540149
31040842
31297456
27590280
31552438
30331865
31077322
31488799
31173895
30964561
31491970
31512492
31486012
31302595
117
31514389
30618580
31530312
31507102
31136377
31544973
31547404
31539342
31511834
31548635
31553828
31328575
31326385
30584386
29118656
29542856
29270303
31046233
31066477
30186839
118
31516656
30658687
31509740
31524728
31435682
31516424
31272370
31518710
30581902
29054930
31546211
31455991
30999589
31524943
31553282
31552371
31284730
31074562
30263816
30755533
119
30994252
30949660
31452557
31290901
31345810
30034769
31457761
31149031
31426162
28564235
31191826
31278370
31484326
30278096
31434738
31433267
31489460
31193542
28182491
31060447
120
31039780
29132930
30517765
30614425
31501857
31452261
30614257
29449676
31507607
31504971
31492077
31481733
31440131
30999469
31284757
31510530
31509533
31514200
31326892
31518747
121
31509012
31509004
31226086
30795184
31488452
31522548
31165273
30789349
29023061
31517342
31448746
31527414
31472624
31529341
30873484
30969673
31493376
31508397
31518546
31518493
122
31518188
30160841
31259080
30046088
31498840
31265161
31537694
31540016
31542267
31512904
31213279
30734323
31543607
31341232
31542723
31531399
30610348
31541669
31511448
31246306
123
31474056
31316458
31462770
31550641
31550519
31529416
31514715
31514684
31512247
31490393
31360879
30999616
29501141
31554030
31553476
31552314
31508351
31466310
31459513
31426484
124
31307260
30253346
29500757
31351186
31459561
31466751
31467296
31138522
31425786
31242526
31198894
31510189
31511993
31526082
31520666
31448802
31539158
30890482
31543292
31531562
125
31488257
31549387
31549274
31548853
31546019
31469600
31500333
31538217
31162360
31238392
31362928
30511579
31378405
31354468
31308028
31346131
31382938
31466762
30732835
28567439
126
31467294
31479243
31479214
31479196
31479160
31478915
31482284
31482237
30822508
31437329
31503096
31486152
30859507
31063582
31499648
31363513
30803242
31479069
31348165
31507141
127
31245442
31472153
31516777
31512800
31502132
31521038
31152319
31522665
30169928
31125271
30747025
31535098
31480214
31533428
31505170
30407221
31534949
31534929
31534908
31103011
128
31535422
29910020
31534075
31471195
31447844
31412887
31340278
28692068
30127178
31535391
31545539
31529208
31529026
31372549
31539578
31546164
31376743
31549787
31545302
31533359
129
31520603
31519484
31519362
31509219
31349530
31269397
31159249
30691279
31482389
31467280
31462637
31451576
31363105
28311899
30391447
30278921
30790384
31214977
30602461
31434949
130
29331287
31208782
31358674
31447050
30646321
31204150
30609448
31473731
31501302
30451828
31044121
31180648
29252747
31474615
31088113
29946785
31488464
31492746
31039582
31486564
131
31491473
31462306
31430425
31492831
31128796
31474774
31368010
31220794
31500826
31504840
31504416
30579922
31417534
31388365
30965197
30678592
30311750
31422687
31502906
30818302
132
31507276
31369960
31507469
31490346
31321276
31498760
31388902
31209673
31188049
31522400
31525047
31524478
31435896
31525400
31272373
31502207
31507261
31259635
31088242
30676930
133
31530013
31095067
31533530
31529942
31443474
31532225
31534782
29711675
31534442
31539069
31005673
30707551
30686059
31535367
31540375
31535974
31542343
31538579
31530401
31506388
134
31503130
31476379
31445764
31157686
31069000
31546924
31545400
31543398
31543278
31539869
31537910
31537860
31532102
31420699
31232134
31102159
31068049
31461125
31297792
31516522
135
31492306
31472071
31550450
31549633
31548942
31539273
31534061
31518637
31510113
31479840
31371805
31320550
31177753
30236876
31553425
31553277
31544317
31498714
31476370
31434122
136
31366615
31354801
31351630
31347076
31326382
30582634
30382549
30356153
30187103
31542775
31540201
31539842
31539187
31536258
31536197
31536049
31535675
31533419
31525491
31522246
137
31522185
31518878
31516167
31507232
31506333
31503256
31499384
31497952
31495901
31491874
31489669
31469848
31468625
31466642
31465248
31444779
31444670
31443868
31441693
31440783
138
31428683
31427903
31426779
31426753
31393441
31378048
31349593
31337965
31301164
31293229
31288162
31287874
31243462
31199011
31176229
31119988
31111321
31101265
31100608
31100101
139
31094026
31007002
30969310
30937276
30930640
30912274
30885307
30881140
30880975
30874330
30831469
30682507
30660850
30609775
30602833
30577624
30526042
30447346
30412258
30337586
140
30271304
30212966
30119744
30118556
30095546
29981297
29946791
29918132
29830346
29301539
29059259
28864157
30104951
30368960
31153519
30359297
31087852
31272349
31315516
31477402
141
31161631
31354306
30788515
31237486
30417670
31432480
31053712
31436376
29273570
31498221
29037464
31435935
31141552
31476525
31352602
31436679
31139947
30641143
31051783
31448722
142
31494176
31459652
31447450
31506300
31456164
31343464
31107820
31137358
30933184
31495825
31497955
31505344
31506099
31450958
31519030
31519846
31445947
31327183
31138666
31508589
143
31518734
31508994
30848632
31517122
31451871
27124003
31522326
31523585
31472341
31520640
31268077
31486406
31441335
31503920
31326856
29885555
27743717
27733799
31469535
31160695
144
31530587
30873487
31531762
31530740
31517314
31517299
30565678
30957538
30734953
31536280
31534815
31016341
30729748
29246369
31533606
31524791
29648846
31508935
31435343
31507812
145
30203717
31543656
31546541
31545611
31545113
31544640
31544288
31543101
31542896
31485853
31336408
30984301
31539769
31477821
31477784
31547662
31546023
31545889
31545847
31544794
146
31449538
31479152
31545355
31549948
31520776
31443133
30508432
31466422
31483625
31412257
31499157
31552465
31551856
31545528
31522394
31514440
31513594
31495530
31495182
31488360
147
31486135
31423029
31421915
31359175
31326376
31268839
31120660
31059493
30535507
30533989
30498544
29557346
29529311
31554088
31553937
31553932
31553743
31553689
31553557
31553512
148
31553450
31553298
31553238
31553116
31552792
31552477
31552439
31552432
31552398
31552189
31552089
31552030
31551965
31551921
31551768
31551732
31551561
31551457
31551303
31551301
149
31551277
31551204
31551188
31551171
31551116
31551091
31551084
31550738
31550516
31550420
31550391
31550298
31550273
31550228
31549928
31549856
31549769
31549748
31549728
31549506
150
31549437
31549416
31549405
31549391
31549353
31549298
31549223
31549048
31548935
31548676
31548567
31548407
31548378
31548322
31548321
31548156
31548147
31547906
31547875
31547777
151
31547707
31547435
31547365
31547356
31547282
31547249
31547142
31547077
31547074
31546960
31546934
31546932
31546910
31546800
31546791
31546715
31546713
31546696
31546676
31546580
152
31546562
31546553
31546441
31546413
31546402
31546348
31546320
31546291
31546212
31546073
31545861
31545757
31545750
31545708
31545644
31545517
31545484
31545347
31545134
31545101
153
31545047
31545028
31544869
31544732
31544723
31544706
31544444
31544319
31544196
31544138
31544095
31544057
31544052
31544041
31543976
31543914
31543883
31543864
31543858
31543784
154
31543750
31543665
31543625
31543606
31543423
31543415
31543350
31543289
31543284
31543257
31543171
31543133
31543044
31542867
31542815
31542791
31542776
31542576
31542450
31542369
155
31542353
31542007
31541979
31541901
31541820
31541775
31541767
31541686
31541592
31541468
31541425
31541413
31541379
31541360
31541358
31541333
31541315
31541228
31541221
31541213
156
31541156
31541141
31541089
31541060
31541048
31541040
31541030
31541013
31540996
31540978
31540973
31540935
31540914
31540913
31540877
31540876
31540853
31540839
31540832
31540813
157
31540759
31540728
31540699
31540694
31540661
31540656
31540631
31540624
31540588
31540567
31540555
31540537
31540523
31540452
31540446
31540434
31540353
31540330
31540232
31540178
158
31540089
31540086
31540047
31540002
31539984
31539958
31539944
31539928
31539905
31539893
31539879
31539787
31539722
31539721
31539698
31539688
31539646
31539629
31539621
31539620
159
31539551
31539361
31539349
31539310
31539283
31539140
31539043
31538924
31538891
31538879
31538865
31538841
31538758
31538756
31538712
31538646
31538542
31538391
31538378
31538348
160
31538341
31538239
31538050
31537971
31537888
31537864
31537825
31537562
31537505
31537482
31537473
31537358
31537280
31537241
31537211
31537198
31537161
31537071
31536993
31536899
161
31536880
31536708
31536617
31536585
31536583
31536579
31536538
31536519
31536513
31536510
31536493
31536444
31536426
31536401
31536346
31536325
31536321
31536287
31536273
31536232
162
31536220
31536168
31536157
31536046
31536042
31536003
31535938
31535914
31535862
31535826
31535406
31535252
31535248
31535123
31535100
31534964
31534957
31534930
31534874
31534858
Connected to MySQL database
Connection closed
163
31534631
31534398
31534395
31534116
31534067
31533930
31533919
Connected to MySQL database
Connection closed
31533892
31533860
31533852
31533837
31533797
31533760
31533721
31533673
31533661
31533617
31533613
31533583
31533561
164
31533551
31533483
31533478
31533429
31533421
31533385
31533337
31533299
31533298
31533286
31533200
31532986
31532920
31532735
31532729
31532701
31532671
31532648
31532580
31532494
165
31532365
Connected to MySQL database
Connection closed
31532066
31531615
31531526
31531377
31531307
31531241
31531223
31531219
31531134
31531132
31531107
31531099
31531044
31531004
31531002
Connected to MySQL database
Connection closed
31530993
31530978
31530929
31530750
166
31530733
31530721
31530696
31530673
31530635
31530604
31530598
31530496
31530439
31530387
31530249
31530138
31530003
31529974
31529964
31529951
31529880
31529780
31529733
31529419
167
31529414
31529364
31529348
31529213
31529204
31529188
31529151
31529002
31528998
31528826
31528783
31528752
31528692
31528687
31528669
Connected to MySQL database
Connection closed
31528638
31528624
31528604
31528599
31528588
168
31528495
31528488
31528486
31528480
31528448
31528429
31528416
31528401
31528346
31528339
31528282
31528248
31528220
31528167
31528159
31528130
31528060
31528051
31528044
31528040
169
31527999
31527982
31527928
31527901
31527892
31527874
31527849
31527822
31527766
Connected to MySQL database
Connection closed
31527756
31527726
31527617
31527593
31527565
31527492
31527479
31527477
31527475
31527466
31527459
170
31527442
31527412
31527405
31527401
31527343
31527268
31527226
31527203
31527078
31527050
Connected to MySQL database
Connection closed
31527039
31527016
31527014
31527011
31526997
31526986
31526924
31526916
31526887
31526840
171
31526793
31526759
31526739
31526706
31526669
31526662
31526656
31526596
31526559
31526539
31526529
31526498
31526493
31526491
31526483
31526458
31526425
31526357
31526289
31526275
172
31526182
31526169
31526131
31526129
31526110
31526094
31526093
31525988
31525978
31525949
31525935
31525900
31525621
31525598
31525575
31525475
31525331
Connected to MySQL database
Connection closed
31525238
31525228
31525208
173
31525117
31525046
31525032
31525029
Connected to MySQL database
Connection closed
31524982
31524949
31524894
31524866
31524849
31524819
31524784
31524779
31524760
31524708
31524657
31524587
31524532
31524492
31524464
31524448
174
31523859
31523843
31523628
31523621
31523595
31523508
31523450
31523412
31523399
31523319
31523104
31523043
31523013
31522976
31522904
31522879
31522841
31522835
31522804
31522748
175
31522716
31522592
31522556
31522157
31521974
31521891
31521660
31521541
31521321
31521271
31521267
31521247
31521197
31521153
31520683
31520677
31520628
31520624
31520541
31520449
176
31520429
31520416
31520408
31520248
31520211
31520207
31520186
31520174
31520103
31520080
31519968
31519943
31519917
Connected to MySQL database
Connection closed
31519871
31519783
31519705
31519507
31519453
31519432
31519370
177
31519339
31519202
Connected to MySQL database
Connection closed
31519005
31518950
31518719
31518591
31518494
31518389
31518277
31518258
31518113
31517893
31517858
31517846
31517838
31517819
31517759
31517734
31517715
31517711
178
31517696
31517683
31517651
31517603
31517517
31517466
31517425
31517396
31517269
31517242
31517187
31517102
31516942
31516938
31516875
31516820
31516812
31516761
31516477
31516405
179
31516383
31516176
31516168
31516141
31516115
Connected to MySQL database
Connection closed
31516106
Connected to MySQL database
Connection closed
31516007
31515664
31515596
31515594
31515544
31515449
31515385
31515200
31515175
31515082
31515039
31515020
31514944
31514886
Connected to MySQL database
Connection closed
180
31514838
31514777
31514696
31514595
31514549
31514520
31514489
31514266
31513810
31513728
31513723
31513522
31513496
31513434
31513258
31513144
31512887
31512861
31512841
31512835
181
31512566
31512525
31512441
31512398
31512348
31512295
Connected to MySQL database
Connection closed
31512292
31512279
31512270
31512262
31512228
31512223
31512208
Connected to MySQL database
Connection closed
31512183
31512170
31512169
31512149
31512124
31512104
31512102
182
31511941
31511928
31511926
31511912
31511893
31511829
31511810
31511794
31511778
31511762
31511661
31511635
31511605
31511549
31511547
31511539
31511520
31511503
31511470
31511453
183
31511351
31511220
31511214
31511186
31511183
31511160
31511084
31511051
31511006
31510996
31510916
31510869
31510677
31510665
31510646
31510613
31510603
31510602
31510592
31510549
184
31510512
31510477
31510467
31510429
31510371
31510331
31510325
31510313
31510249
31510197
31510180
31509998
31509986
31509831
31509778
31509766
31509652
31509644
31509641
31509570
185
31509547
31509488
31509428
31509423
31509413
31509337
31509306
31509303
31509158
31509057
31508937
31508774
31508714
31508600
31508580
31508512
31508493
31508440
31508305
Connected to MySQL database
Connection closed
31508262
186
31508221
31508167
31507865
31507759
31507699
31507662
31507651
31507583
31507440
31507383
31507355
31507350
31507210
31507171
31507106
31506829
31506792
31506743
31506742
Connected to MySQL database
Connection closed
31506686
187
31506474
31506449
31506402
31506311
31506061
31505773
31505659
31505577
31505565
31505513
31505229
31505205
31505183
31505039
31504815
31504711
31504547
31504532
31504497
31504361
188
31504295
Connected to MySQL database
Connection closed
31504277
31504244
31504141
31503935
31503837
31503437
31503434
31503399
31503242
31503214
31503183
31503124
31502973
31502937
31502922
31502889
Connected to MySQL database
Connection closed
31502856
31502848
31502828
189
31502664
31502625
31502577
31502408
31502379
31502198
31502187
31502073
31501887
31501866
31501811
31501776
31501765
31501724
31501577
31501531
31501425
31501340
31501307
Connected to MySQL database
Connection closed
31501050
190
31501017
31500904
31500876
31500870
31500798
31500761
31500759
31500725
31500705
31500675
31500660
31500630
31500629
31500614
31500466
31500401
31500352
31500293
31500287
31500265
191
31500259
31500140
31499995
31499926
31499831
31499261
31499219
31499060
31499024
31498911
31498870
31498769
31498746
31498703
31498614
31498594
31498555
31498544
31498542
31498526
192
31498516
31498514
31498494
31498489
31498478
31498477
31498462
31498429
Connected to MySQL database
Connection closed
31498406
31498330
31498296
31498282
31498241
31498210
31498186
31498174
31498160
31498132
31498115
31498076
193
31498062
31497999
31497973
31497932
31497832
31497830
31497805
31497801
Connected to MySQL database
Connection closed
31497799
31497780
31497770
31497737
31497729
31497697
31497461
31497448
31497426
31497410
31497382
31497260
194
31497257
31497243
31497242
31497203
31497153
31497152
31497134
31497097
31497094
31497079
31497046
31496888
31496822
31496750
31496523
31496519
31496341
31496235
31496104
31496042
195
31496015
31495987
31495984
31495910
31495867
31495830
31495774
31495761
31495735
31495678
31495677
31495656
31495586
31495560
Connected to MySQL database
Connection closed
31495543
31495242
31495157
31494673
31494259
31494223
196
31494191
31494180
31494151
31494125
31493917
31493897
31493893
31493846
31493787
31493766
31493729
31493658
31493657
31493557
31493459
31493440
31493398
31493380
31493373
31493368
1